  toruspolynomial-functions.cpp
  tlwe.cpp
  tlwe-functions.cpp
  tlwe-fft-operations.cpp
  tgsw.cpp
  tgsw-functions.cpp
  tgsw-fft-operations.cpp
  tfhe_io.cpp
  tfhe_generic_streams.cpp
  tfhe_gate_bootstrapping_structures.cpp
  tfhe_gate_bootstrapping.cpp
  tfhe_garbage_collector.cpp
  polynomials.cpp
  numeric-functions.cpp
  multiplication.cpp
  lwesamples.cpp
  lweparams.cpp
  lwekeyswitch.cpp
  lwekey.cpp
  lwebootstrappingkey.cpp
  正在生成代码...
  正在编译...
  lwe.cpp
  lwe-keyswitch-functions.cpp
  lwe-functions.cpp
  lwe-bootstrapping-functions.cpp
  lwe-bootstrapping-functions-fft.cpp
  lagrangehalfc_impl.cpp
  fft_processor_fftw.cpp
  boot-gates.cpp
  autogenerated.cpp
  正在生成代码...
libfftw3f-3.lib(libfftw3f-3.dll) : warning LNK4006: __NULL_IMPORT_DESCRIPTOR 已在 libfftw3-3.lib(libfftw3-3.dll) 中定义；已忽略第二个定义
libfftw3f-3.lib(libfftw3f-3.dll) : warning LNK4221: 此对象文件未定义任何之前未定义的公共符号，因此任何耗用此库的链接操作都不会使用此文件
libfftw3l-3.lib(libfftw3l-3.dll) : warning LNK4006: __NULL_IMPORT_DESCRIPTOR 已在 libfftw3-3.lib(libfftw3-3.dll) 中定义；已忽略第二个定义
libfftw3l-3.lib(libfftw3l-3.dll) : warning LNK4221: 此对象文件未定义任何之前未定义的公共符号，因此任何耗用此库的链接操作都不会使用此文件
  FFHE-Encryption.vcxproj -> C:\Users\wanqiang\Desktop\FHE-end\FFHE\FFHE-Encryption\Debug\FFHE-Encryption.lib
