c:\users\wanqiang\desktop\fhe-end\ffhe\ffhe-encryption\debug\vc120.pdb
c:\users\wanqiang\desktop\fhe-end\ffhe\ffhe-encryption\debug\vc120.idb
c:\users\wanqiang\desktop\fhe-end\ffhe\ffhe-encryption\debug\lwebootstrappingkey.obj
c:\users\wanqiang\desktop\fhe-end\ffhe\ffhe-encryption\debug\lwekey.obj
c:\users\wanqiang\desktop\fhe-end\ffhe\ffhe-encryption\debug\lwekeyswitch.obj
c:\users\wanqiang\desktop\fhe-end\ffhe\ffhe-encryption\debug\lweparams.obj
c:\users\wanqiang\desktop\fhe-end\ffhe\ffhe-encryption\debug\lwesamples.obj
c:\users\wanqiang\desktop\fhe-end\ffhe\ffhe-encryption\debug\multiplication.obj
c:\users\wanqiang\desktop\fhe-end\ffhe\ffhe-encryption\debug\numeric-functions.obj
c:\users\wanqiang\desktop\fhe-end\ffhe\ffhe-encryption\debug\polynomials.obj
c:\users\wanqiang\desktop\fhe-end\ffhe\ffhe-encryption\debug\tfhe_garbage_collector.obj
c:\users\wanqiang\desktop\fhe-end\ffhe\ffhe-encryption\debug\tfhe_gate_bootstrapping_structures.obj
c:\users\wanqiang\desktop\fhe-end\ffhe\ffhe-encryption\debug\tfhe_generic_streams.obj
c:\users\wanqiang\desktop\fhe-end\ffhe\ffhe-encryption\debug\tfhe_io.obj
c:\users\wanqiang\desktop\fhe-end\ffhe\ffhe-encryption\debug\tgsw-fft-operations.obj
c:\users\wanqiang\desktop\fhe-end\ffhe\ffhe-encryption\debug\tgsw-functions.obj
c:\users\wanqiang\desktop\fhe-end\ffhe\ffhe-encryption\debug\tgsw.obj
c:\users\wanqiang\desktop\fhe-end\ffhe\ffhe-encryption\debug\tlwe-fft-operations.obj
c:\users\wanqiang\desktop\fhe-end\ffhe\ffhe-encryption\debug\tlwe-functions.obj
c:\users\wanqiang\desktop\fhe-end\ffhe\ffhe-encryption\debug\tlwe.obj
c:\users\wanqiang\desktop\fhe-end\ffhe\ffhe-encryption\debug\toruspolynomial-functions.obj
c:\users\wanqiang\desktop\fhe-end\ffhe\ffhe-encryption\debug\autogenerated.obj
c:\users\wanqiang\desktop\fhe-end\ffhe\ffhe-encryption\debug\boot-gates.obj
c:\users\wanqiang\desktop\fhe-end\ffhe\ffhe-encryption\debug\lwe-bootstrapping-functions-fft.obj
c:\users\wanqiang\desktop\fhe-end\ffhe\ffhe-encryption\debug\lwe-bootstrapping-functions.obj
c:\users\wanqiang\desktop\fhe-end\ffhe\ffhe-encryption\debug\lwe-functions.obj
c:\users\wanqiang\desktop\fhe-end\ffhe\ffhe-encryption\debug\lwe-keyswitch-functions.obj
c:\users\wanqiang\desktop\fhe-end\ffhe\ffhe-encryption\debug\lwe.obj
c:\users\wanqiang\desktop\fhe-end\ffhe\ffhe-encryption\debug\fft_processor_fftw.obj
c:\users\wanqiang\desktop\fhe-end\ffhe\ffhe-encryption\debug\tfhe_gate_bootstrapping.obj
c:\users\wanqiang\desktop\fhe-end\ffhe\ffhe-encryption\debug\lagrangehalfc_impl.obj
c:\users\wanqiang\desktop\fhe-end\ffhe\ffhe-encryption\debug\ffhe-encryption.lib
c:\users\wanqiang\desktop\fhe-end\ffhe\ffhe-encryption\debug\ffhe-encryption.tlog\cl.command.1.tlog
c:\users\wanqiang\desktop\fhe-end\ffhe\ffhe-encryption\debug\ffhe-encryption.tlog\cl.read.1.tlog
c:\users\wanqiang\desktop\fhe-end\ffhe\ffhe-encryption\debug\ffhe-encryption.tlog\cl.write.1.tlog
c:\users\wanqiang\desktop\fhe-end\ffhe\ffhe-encryption\debug\ffhe-encryption.tlog\lib-link.read.1.tlog
c:\users\wanqiang\desktop\fhe-end\ffhe\ffhe-encryption\debug\ffhe-encryption.tlog\lib-link.write.1.tlog
c:\users\wanqiang\desktop\fhe-end\ffhe\ffhe-encryption\debug\ffhe-encryption.tlog\lib.command.1.tlog
